2024-05-09 14:04:26 - INFO - ********************************* test_wifi ****************************************
2024-05-09 14:04:26 - INFO - ********************************* connecting to wifi ****************************************
2024-05-09 14:04:40 - INFO - ********************************* wifi is Connected ****************************************
2024-05-09 14:04:48 - INFO - ********************************* test_mobile_network ****************************************
2024-05-09 14:04:48 - INFO - ********************************* mobile data ON ****************************************
2024-05-09 14:04:52 - INFO - ********************************* Only one Sim crd ****************************************
2024-05-09 14:04:59 - INFO - ********************************* test_simcard ****************************************
2024-05-09 14:04:59 - INFO - ********************************* Checking Sim card ****************************************
2024-05-09 14:05:00 - INFO - ********************************* SIM 2****************************************
2024-05-09 14:05:11 - INFO - ********************************* SIM 1 ****************************************
2024-05-09 14:05:27 - INFO - ********************************* test_verify_vowifi ****************************************
2024-05-09 14:05:27 - INFO - ********************************* checking the status of voWifi ****************************************
2024-05-09 14:05:38 - INFO - ********************************* Sim 1 is successfully connected to VoWifi ****************************************
2024-05-09 14:08:23 - INFO - ********************************* test_wifi ****************************************
2024-05-09 14:08:23 - INFO - ********************************* connecting to wifi ****************************************
2024-05-09 14:08:38 - INFO - ********************************* wifi is Connected ****************************************
2024-05-09 14:08:47 - INFO - ********************************* test_mobile_network ****************************************
2024-05-09 14:08:47 - INFO - ********************************* mobile data ON ****************************************
2024-05-09 14:08:50 - INFO - ********************************* Only one Sim crd ****************************************
2024-05-09 14:08:58 - INFO - ********************************* test_simcard ****************************************
2024-05-09 14:08:58 - INFO - ********************************* Checking Sim card ****************************************
2024-05-09 14:08:59 - INFO - ********************************* checking SIM 2****************************************
2024-05-09 14:09:11 - INFO - ********************************* checking SIM 1 ****************************************
2024-05-09 14:09:29 - INFO - ********************************* test_verify_vowifi ****************************************
2024-05-09 14:09:29 - INFO - ********************************* checking the status of voWifi ****************************************
2024-05-09 14:09:40 - INFO - ********************************* Sim 1 is successfully connected to VoWifi ****************************************
2024-05-09 14:11:52 - INFO - ********************************* test_wifi ****************************************
2024-05-09 14:11:52 - INFO - ********************************* connecting to wifi ****************************************
2024-05-09 14:12:05 - INFO - ********************************* wifi is Connected ****************************************
2024-05-09 14:12:15 - INFO - ********************************* test_mobile_network ****************************************
2024-05-09 14:12:15 - INFO - ********************************* mobile data ON ****************************************
2024-05-09 14:12:18 - INFO - ********************************* Only one Sim crd ****************************************
2024-05-09 14:12:27 - INFO - ********************************* test_simcard ****************************************
2024-05-09 14:12:27 - INFO - ********************************* Checking Sim card ****************************************
2024-05-09 14:12:28 - INFO - ********************************* checking SIM 2****************************************
2024-05-09 14:12:40 - INFO - ********************************* checking SIM 1 ****************************************
2024-05-09 14:12:59 - INFO - ********************************* test_verify_vowifi ****************************************
2024-05-09 14:12:59 - INFO - ********************************* checking the status of voWifi ****************************************
2024-05-09 14:13:11 - INFO - ********************************* Sim 1 is successfully connected to VoWifi ****************************************
2024-05-09 14:38:58 - INFO - ********************************* test_wifi ****************************************
2024-05-09 14:38:58 - INFO - ********************************* connecting to wifi ****************************************
2024-05-09 14:40:01 - INFO - ********************************* wifi_is_not connected ****************************************
2024-05-09 14:40:12 - INFO - ********************************* test_mobile_network ****************************************
2024-05-09 14:40:12 - INFO - ********************************* mobile data ON ****************************************
2024-05-09 14:40:15 - INFO - ********************************* Only one Sim crd ****************************************
2024-05-09 14:40:24 - INFO - ********************************* test_simcard ****************************************
2024-05-09 14:40:24 - INFO - ********************************* Checking Sim card ****************************************
2024-05-09 14:40:25 - INFO - ********************************* checking SIM 2****************************************
2024-05-09 14:40:36 - INFO - ********************************* checking SIM 1 ****************************************
2024-05-09 14:40:55 - INFO - ********************************* test_verify_vowifi ****************************************
2024-05-09 14:40:55 - INFO - ********************************* checking the status of voWifi ****************************************
2024-05-09 14:43:43 - CRITICAL - ********************************* "Failed:-->Sim 1 is not connected to VoWifi" ****************************************
2024-05-09 14:45:54 - CRITICAL - ********************************* "Failed:-->Sim 2 is not connected to VoWifi" ****************************************
2024-05-09 14:48:40 - INFO - ********************************* test_wifi ****************************************
2024-05-09 14:48:40 - INFO - ********************************* connecting to wifi ****************************************
2024-05-09 14:49:46 - INFO - ********************************* wifi_is_not connected ****************************************
2024-05-09 14:50:47 - INFO - ********************************* test_wifi ****************************************
2024-05-09 14:50:47 - INFO - ********************************* connecting to wifi ****************************************
2024-05-09 14:51:59 - INFO - ********************************* wifi_is_not connected ****************************************
2024-05-09 15:06:15 - INFO - ********************************* test_wifi ****************************************
2024-05-09 15:06:15 - INFO - ********************************* connecting to wifi ****************************************
2024-05-09 15:06:28 - INFO - ********************************* wifi is Connected ****************************************
2024-05-09 15:06:48 - INFO - ********************************* test_wifi ****************************************
2024-05-09 15:06:48 - INFO - ********************************* connecting to wifi ****************************************
2024-05-09 15:07:02 - INFO - ********************************* wifi is Connected ****************************************
2024-05-09 15:07:13 - INFO - ********************************* test_mobile_network ****************************************
2024-05-09 15:07:13 - INFO - ********************************* mobile data ON ****************************************
2024-05-09 15:07:16 - INFO - ********************************* Only one Sim crd ****************************************
2024-05-09 15:07:25 - INFO - ********************************* test_simcard ****************************************
2024-05-09 15:07:25 - INFO - ********************************* Checking Sim card ****************************************
2024-05-09 15:07:26 - INFO - ********************************* checking SIM 2****************************************
2024-05-09 15:07:36 - INFO - ********************************* checking SIM 1 ****************************************
2024-05-09 15:07:54 - INFO - ********************************* test_verify_vowifi ****************************************
2024-05-09 15:07:54 - INFO - ********************************* checking the status of voWifi ****************************************
2024-05-09 15:08:05 - INFO - ********************************* Sim 1 is successfully connected to VoWifi ****************************************
2024-05-09 15:23:31 - INFO - ********************************* test_wifi ****************************************
2024-05-09 15:23:31 - INFO - ********************************* connecting to wifi ****************************************
2024-05-09 15:23:44 - INFO - ********************************* wifi is Connected ****************************************
2024-05-09 15:23:54 - INFO - ********************************* test_mobile_network ****************************************
2024-05-09 15:23:54 - INFO - ********************************* mobile data ON ****************************************
2024-05-09 15:23:58 - INFO - ********************************* Only one Sim crd ****************************************
2024-05-09 15:24:07 - INFO - ********************************* test_simcard ****************************************
2024-05-09 15:24:07 - INFO - ********************************* Checking Sim card ****************************************
2024-05-09 15:24:08 - INFO - ********************************* checking SIM 2****************************************
2024-05-09 15:24:21 - INFO - ********************************* checking SIM 1 ****************************************
2024-05-09 15:24:39 - INFO - ********************************* test_verify_vowifi ****************************************
2024-05-09 15:24:39 - INFO - ********************************* checking the status of voWifi ****************************************
2024-05-09 15:24:50 - INFO - ********************************* Sim 1 is successfully connected to VoWifi ****************************************
2024-05-09 15:26:55 - INFO - ********************************* test_wifi ****************************************
2024-05-09 15:26:55 - INFO - ********************************* connecting to wifi ****************************************
2024-05-09 15:27:17 - INFO - ********************************* test_wifi ****************************************
2024-05-09 15:27:17 - INFO - ********************************* connecting to wifi ****************************************
2024-05-09 15:27:26 - INFO - ********************************* test_mobile_network ****************************************
2024-05-09 15:27:26 - INFO - ********************************* mobile data ON ****************************************
2024-05-09 15:27:41 - INFO - ********************************* test_wifi ****************************************
2024-05-09 15:27:41 - INFO - ********************************* connecting to wifi ****************************************
2024-05-09 15:43:43 - INFO - ********************************* test_wifi ****************************************
2024-05-09 15:43:43 - INFO - ********************************* connecting to wifi ****************************************
2024-05-09 15:43:58 - INFO - ********************************* wifi is Connected ****************************************
2024-05-09 15:44:09 - INFO - ********************************* test_mobile_network ****************************************
2024-05-09 15:44:09 - INFO - ********************************* mobile data ON ****************************************
2024-05-09 15:44:14 - INFO - ********************************* Only one Sim crd ****************************************
2024-05-09 15:44:23 - INFO - ********************************* test_simcard ****************************************
2024-05-09 15:44:23 - INFO - ********************************* Checking Sim card ****************************************
2024-05-09 15:44:24 - INFO - ********************************* checking SIM 2****************************************
2024-05-09 15:44:35 - INFO - ********************************* checking SIM 1 ****************************************
2024-05-09 15:44:53 - INFO - ********************************* test_verify_vowifi ****************************************
2024-05-09 15:44:53 - INFO - ********************************* checking the status of voWifi ****************************************
2024-05-09 15:45:04 - INFO - ********************************* Sim 1 is successfully connected to VoWifi ****************************************
2024-05-09 15:46:20 - INFO - ********************************* wifi is Connected ****************************************
2024-05-09 15:47:57 - INFO - ********************************* wifi is Connected ****************************************
2024-05-09 15:49:07 - INFO - ********************************* wifi is Connected ****************************************
2024-05-09 15:50:31 - INFO - ********************************* wifi is Connected ****************************************
2024-05-09 16:37:09 - INFO - ********************************* test_wifi ****************************************
2024-05-09 16:37:09 - INFO - ********************************* connecting to wifi ****************************************
2024-05-09 16:37:25 - INFO - ********************************* wifi is Connected ****************************************
2024-05-09 16:37:35 - INFO - ********************************* test_mobile_network ****************************************
2024-05-09 16:37:35 - INFO - ********************************* mobile data ON ****************************************
2024-05-09 16:37:38 - INFO - ********************************* Only one Sim crd ****************************************
2024-05-09 16:37:46 - INFO - ********************************* test_simcard ****************************************
2024-05-09 16:37:46 - INFO - ********************************* Checking Sim card ****************************************
2024-05-09 16:37:47 - INFO - ********************************* checking SIM 2****************************************
2024-05-09 16:38:15 - INFO - ********************************* test_wifi ****************************************
2024-05-09 16:38:15 - INFO - ********************************* connecting to wifi ****************************************
2024-05-09 16:38:27 - INFO - ********************************* wifi is Connected ****************************************
2024-05-09 16:38:37 - INFO - ********************************* test_mobile_network ****************************************
2024-05-09 16:38:37 - INFO - ********************************* mobile data ON ****************************************
2024-05-09 16:38:40 - INFO - ********************************* Only one Sim crd ****************************************
2024-05-09 16:38:47 - INFO - ********************************* test_simcard ****************************************
2024-05-09 16:38:47 - INFO - ********************************* Checking Sim card ****************************************
2024-05-09 16:38:48 - INFO - ********************************* checking SIM 2****************************************
2024-05-09 16:39:00 - INFO - ********************************* checking SIM 1 ****************************************
2024-05-09 16:39:18 - INFO - ********************************* test_verify_vowifi ****************************************
2024-05-09 16:39:18 - INFO - ********************************* checking the status of voWifi ****************************************
2024-05-09 16:39:30 - INFO - ********************************* Sim 1 is successfully connected to VoWifi ****************************************
2024-05-09 16:40:44 - INFO - ********************************* wifi is Connected ****************************************
2024-05-09 16:40:44 - INFO - ********************************* test_verify_vowifi ****************************************
2024-05-09 16:40:44 - INFO - ********************************* checking the status of voWifi ****************************************
2024-05-09 16:40:59 - INFO - ********************************* Sim 1 is successfully connected to VoWifi ****************************************
2024-05-09 16:42:33 - INFO - ********************************* wifi is Connected ****************************************
2024-05-09 16:42:34 - INFO - ********************************* test_verify_vowifi ****************************************
2024-05-09 16:42:34 - INFO - ********************************* checking the status of voWifi ****************************************
2024-05-09 16:42:55 - INFO - ********************************* Sim 1 is successfully connected to VoWifi ****************************************
